[MASTER] 10:40:40.298 [pool-2-thread-1] ERROR ClientNodeImpl - Error when generating tests for: com.merqury.phoebe.beans.PermissionsFacade with seed 1519400382374. Configuration id : default
java.lang.IllegalStateException: Conflicting persistence unit definitions for name 'EvoSuiteDB': file:/Users/jeffersonbienaime/.m2/repository/org/evosuite/evosuite-master/1.0.5/evosuite-master-1.0.5.jar, file:/Users/jeffersonbienaime/.m2/repository/org/evosuite/evosuite-standalone-runtime/1.0.5/evosuite-standalone-runtime-1.0.5.jar
	at org.evosuite.shaded.org.springframework.orm.jpa.persistenceunit.DefaultPersistenceUnitManager.preparePersistenceUnitInfos(DefaultPersistenceUnitManager.java:472) ~[evosuite-standalone-runtime-1.0.5.jar:1.0.5]
	at org.evosuite.shaded.org.springframework.orm.jpa.persistenceunit.DefaultPersistenceUnitManager.afterPropertiesSet(DefaultPersistenceUnitManager.java:426) ~[evosuite-standalone-runtime-1.0.5.jar:1.0.5]
	at org.evosuite.shaded.org.springframework.orm.jpa.LocalContainerEntityManagerFactoryBean.createNativeEntityManagerFactory(LocalContainerEntityManagerFactoryBean.java:325) ~[evosuite-standalone-runtime-1.0.5.jar:1.0.5]
	at org.evosuite.shaded.org.springframework.orm.jpa.AbstractEntityManagerFactoryBean.buildNativeEntityManagerFactory(AbstractEntityManagerFactoryBean.java:370) ~[evosuite-standalone-runtime-1.0.5.jar:1.0.5]
	at org.evosuite.shaded.org.springframework.orm.jpa.AbstractEntityManagerFactoryBean.afterPropertiesSet(AbstractEntityManagerFactoryBean.java:359) ~[evosuite-standalone-runtime-1.0.5.jar:1.0.5]
	at org.evosuite.runtime.javaee.javax.persistence.EvoEntityManagerFactory.createEMFWithSpring(EvoEntityManagerFactory.java:96) ~[evosuite-standalone-runtime-1.0.5.jar:1.0.5]
	at org.evosuite.runtime.javaee.javax.persistence.EvoEntityManagerFactory.<init>(EvoEntityManagerFactory.java:50) ~[evosuite-standalone-runtime-1.0.5.jar:1.0.5]
	at org.evosuite.runtime.javaee.db.DBManager.initDB(DBManager.java:147) ~[evosuite-standalone-runtime-1.0.5.jar:1.0.5]
	at org.evosuite.runtime.Runtime.resetRuntime(Runtime.java:115) ~[evosuite-standalone-runtime-1.0.5.jar:1.0.5]
	at org.evosuite.testcase.execution.TestCaseExecutor.execute(TestCaseExecutor.java:303) ~[evosuite-master-1.0.5.jar:1.0.5]
	at org.evosuite.testcase.execution.TestCaseExecutor.execute(TestCaseExecutor.java:277) ~[evosuite-master-1.0.5.jar:1.0.5]
	at org.evosuite.testcase.execution.TestCaseExecutor.execute(TestCaseExecutor.java:264) ~[evosuite-master-1.0.5.jar:1.0.5]
	at org.evosuite.testcase.ConstantInliner.inline(ConstantInliner.java:69) ~[evosuite-master-1.0.5.jar:1.0.5]
	at org.evosuite.testcase.ConstantInliner.inline(ConstantInliner.java:85) ~[evosuite-master-1.0.5.jar:1.0.5]
	at org.evosuite.testcase.ConstantInliner.inline(ConstantInliner.java:99) ~[evosuite-master-1.0.5.jar:1.0.5]
	at org.evosuite.TestSuiteGenerator.postProcessTests(TestSuiteGenerator.java:411) ~[evosuite-master-1.0.5.jar:1.0.5]
	at org.evosuite.TestSuiteGenerator.generateTestSuite(TestSuiteGenerator.java:238) ~[evosuite-master-1.0.5.jar:1.0.5]
	at org.evosuite.rmi.service.ClientNodeImpl$1.run(ClientNodeImpl.java:145) ~[evosuite-master-1.0.5.jar:1.0.5]
	at java.util.concurrent.Executors$RunnableAdapter.call(Executors.java:511) [na:1.8.0_151]
	at java.util.concurrent.FutureTask.run(FutureTask.java:266) [na:1.8.0_151]
	at java.util.concurrent.ThreadPoolExecutor.runWorker(ThreadPoolExecutor.java:1149) [na:1.8.0_151]
	at java.util.concurrent.ThreadPoolExecutor$Worker.run(ThreadPoolExecutor.java:624) [na:1.8.0_151]
	at java.lang.Thread.run(Thread.java:748) [na:1.8.0_151]
