[MASTER] 10:34:07.709 [pool-2-thread-1] ERROR TestCaseExecutor - TG: Exception caught: 
java.lang.IllegalStateException: Conflicting persistence unit definitions for name 'EvoSuiteDB': file:/Users/jeffersonbienaime/.m2/repository/org/evosuite/evosuite-master/1.0.5/evosuite-master-1.0.5.jar, file:/Users/jeffersonbienaime/.m2/repository/org/evosuite/evosuite-standalone-runtime/1.0.5/evosuite-standalone-runtime-1.0.5.jar
	at org.evosuite.shaded.org.springframework.orm.jpa.persistenceunit.DefaultPersistenceUnitManager.preparePersistenceUnitInfos(DefaultPersistenceUnitManager.java:472) ~[evosuite-standalone-runtime-1.0.5.jar:1.0.5]
	at org.evosuite.shaded.org.springframework.orm.jpa.persistenceunit.DefaultPersistenceUnitManager.afterPropertiesSet(DefaultPersistenceUnitManager.java:426) ~[evosuite-standalone-runtime-1.0.5.jar:1.0.5]
	at org.evosuite.shaded.org.springframework.orm.jpa.LocalContainerEntityManagerFactoryBean.createNativeEntityManagerFactory(LocalContainerEntityManagerFactoryBean.java:325) ~[evosuite-standalone-runtime-1.0.5.jar:1.0.5]
	at org.evosuite.shaded.org.springframework.orm.jpa.AbstractEntityManagerFactoryBean.buildNativeEntityManagerFactory(AbstractEntityManagerFactoryBean.java:370) ~[evosuite-standalone-runtime-1.0.5.jar:1.0.5]
	at org.evosuite.shaded.org.springframework.orm.jpa.AbstractEntityManagerFactoryBean.afterPropertiesSet(AbstractEntityManagerFactoryBean.java:359) ~[evosuite-standalone-runtime-1.0.5.jar:1.0.5]
	at org.evosuite.runtime.javaee.javax.persistence.EvoEntityManagerFactory.createEMFWithSpring(EvoEntityManagerFactory.java:96) ~[evosuite-standalone-runtime-1.0.5.jar:1.0.5]
	at org.evosuite.runtime.javaee.javax.persistence.EvoEntityManagerFactory.<init>(EvoEntityManagerFactory.java:50) ~[evosuite-standalone-runtime-1.0.5.jar:1.0.5]
	at org.evosuite.runtime.javaee.db.DBManager.initDB(DBManager.java:147) ~[evosuite-standalone-runtime-1.0.5.jar:1.0.5]
	at org.evosuite.runtime.Runtime.resetRuntime(Runtime.java:115) ~[evosuite-standalone-runtime-1.0.5.jar:1.0.5]
	at org.evosuite.testcase.execution.TestCaseExecutor.execute(TestCaseExecutor.java:303) ~[evosuite-master-1.0.5.jar:1.0.5]
	at org.evosuite.testcase.execution.TestCaseExecutor.execute(TestCaseExecutor.java:277) ~[evosuite-master-1.0.5.jar:1.0.5]
	at org.evosuite.testcase.execution.TestCaseExecutor.execute(TestCaseExecutor.java:264) ~[evosuite-master-1.0.5.jar:1.0.5]
	at org.evosuite.testcase.execution.TestCaseExecutor.runTest(TestCaseExecutor.java:140) ~[evosuite-master-1.0.5.jar:1.0.5]
	at org.evosuite.testcase.TestFitnessFunction.runTest(TestFitnessFunction.java:91) [evosuite-master-1.0.5.jar:1.0.5]
	at org.evosuite.testcase.TestFitnessFunction.isCovered(TestFitnessFunction.java:166) [evosuite-master-1.0.5.jar:1.0.5]
	at org.evosuite.testcase.TestFitnessFunction.isCoveredBy(TestFitnessFunction.java:129) [evosuite-master-1.0.5.jar:1.0.5]
	at org.evosuite.coverage.archive.TestsArchive.createMergedSolution(TestsArchive.java:183) [evosuite-master-1.0.5.jar:1.0.5]
	at org.evosuite.coverage.archive.TestsArchive.createMergedSolution(TestsArchive.java:59) [evosuite-master-1.0.5.jar:1.0.5]
	at org.evosuite.ga.metaheuristics.GeneticAlgorithm.updateBestIndividualFromArchive(GeneticAlgorithm.java:1060) [evosuite-master-1.0.5.jar:1.0.5]
	at org.evosuite.TimeController.execute(TimeController.java:112) ~[evosuite-master-1.0.5.jar:1.0.5]
	at org.evosuite.ga.metaheuristics.MonotonicGA.generateSolution(MonotonicGA.java:315) ~[evosuite-master-1.0.5.jar:1.0.5]
	at org.evosuite.strategy.WholeTestSuiteStrategy.generateTests(WholeTestSuiteStrategy.java:113) ~[evosuite-master-1.0.5.jar:1.0.5]
	at org.evosuite.TestSuiteGenerator.generateTests(TestSuiteGenerator.java:653) ~[evosuite-master-1.0.5.jar:1.0.5]
	at org.evosuite.TestSuiteGenerator.generateTestSuite(TestSuiteGenerator.java:236) ~[evosuite-master-1.0.5.jar:1.0.5]
	at org.evosuite.rmi.service.ClientNodeImpl$1.run(ClientNodeImpl.java:145) ~[evosuite-master-1.0.5.jar:1.0.5]
	at java.util.concurrent.Executors$RunnableAdapter.call(Executors.java:511) ~[na:1.8.0_151]
	at java.util.concurrent.FutureTask.run(FutureTask.java:266) ~[na:1.8.0_151]
	at java.util.concurrent.ThreadPoolExecutor.runWorker(ThreadPoolExecutor.java:1149) ~[na:1.8.0_151]
	at java.util.concurrent.ThreadPoolExecutor$Worker.run(ThreadPoolExecutor.java:624) ~[na:1.8.0_151]
	at java.lang.Thread.run(Thread.java:748) ~[na:1.8.0_151]
[MASTER] 10:34:07.711 [pool-2-thread-1] ERROR ClientNodeImpl - Error when generating tests for: com.merqury.phoebe.beans.PersonFacade with seed 1519400003920. Configuration id : default
java.lang.Error: java.lang.IllegalStateException: Conflicting persistence unit definitions for name 'EvoSuiteDB': file:/Users/jeffersonbienaime/.m2/repository/org/evosuite/evosuite-master/1.0.5/evosuite-master-1.0.5.jar, file:/Users/jeffersonbienaime/.m2/repository/org/evosuite/evosuite-standalone-runtime/1.0.5/evosuite-standalone-runtime-1.0.5.jar
	at org.evosuite.testcase.execution.TestCaseExecutor.runTest(TestCaseExecutor.java:146) ~[evosuite-master-1.0.5.jar:1.0.5]
	at org.evosuite.testcase.TestFitnessFunction.runTest(TestFitnessFunction.java:91) ~[evosuite-master-1.0.5.jar:1.0.5]
	at org.evosuite.testcase.TestFitnessFunction.isCovered(TestFitnessFunction.java:166) ~[evosuite-master-1.0.5.jar:1.0.5]
	at org.evosuite.testcase.TestFitnessFunction.isCoveredBy(TestFitnessFunction.java:129) ~[evosuite-master-1.0.5.jar:1.0.5]
	at org.evosuite.coverage.archive.TestsArchive.createMergedSolution(TestsArchive.java:183) ~[evosuite-master-1.0.5.jar:1.0.5]
	at org.evosuite.coverage.archive.TestsArchive.createMergedSolution(TestsArchive.java:59) ~[evosuite-master-1.0.5.jar:1.0.5]
	at org.evosuite.ga.metaheuristics.GeneticAlgorithm.updateBestIndividualFromArchive(GeneticAlgorithm.java:1060) ~[evosuite-master-1.0.5.jar:1.0.5]
	at org.evosuite.TimeController.execute(TimeController.java:112) ~[evosuite-master-1.0.5.jar:1.0.5]
	at org.evosuite.ga.metaheuristics.MonotonicGA.generateSolution(MonotonicGA.java:315) ~[evosuite-master-1.0.5.jar:1.0.5]
	at org.evosuite.strategy.WholeTestSuiteStrategy.generateTests(WholeTestSuiteStrategy.java:113) ~[evosuite-master-1.0.5.jar:1.0.5]
	at org.evosuite.TestSuiteGenerator.generateTests(TestSuiteGenerator.java:653) ~[evosuite-master-1.0.5.jar:1.0.5]
	at org.evosuite.TestSuiteGenerator.generateTestSuite(TestSuiteGenerator.java:236) ~[evosuite-master-1.0.5.jar:1.0.5]
	at org.evosuite.rmi.service.ClientNodeImpl$1.run(ClientNodeImpl.java:145) ~[evosuite-master-1.0.5.jar:1.0.5]
	at java.util.concurrent.Executors$RunnableAdapter.call(Executors.java:511) [na:1.8.0_151]
	at java.util.concurrent.FutureTask.run(FutureTask.java:266) [na:1.8.0_151]
	at java.util.concurrent.ThreadPoolExecutor.runWorker(ThreadPoolExecutor.java:1149) [na:1.8.0_151]
	at java.util.concurrent.ThreadPoolExecutor$Worker.run(ThreadPoolExecutor.java:624) [na:1.8.0_151]
	at java.lang.Thread.run(Thread.java:748) [na:1.8.0_151]
Caused by: java.lang.IllegalStateException: Conflicting persistence unit definitions for name 'EvoSuiteDB': file:/Users/jeffersonbienaime/.m2/repository/org/evosuite/evosuite-master/1.0.5/evosuite-master-1.0.5.jar, file:/Users/jeffersonbienaime/.m2/repository/org/evosuite/evosuite-standalone-runtime/1.0.5/evosuite-standalone-runtime-1.0.5.jar
	at org.evosuite.shaded.org.springframework.orm.jpa.persistenceunit.DefaultPersistenceUnitManager.preparePersistenceUnitInfos(DefaultPersistenceUnitManager.java:472) ~[evosuite-standalone-runtime-1.0.5.jar:1.0.5]
	at org.evosuite.shaded.org.springframework.orm.jpa.persistenceunit.DefaultPersistenceUnitManager.afterPropertiesSet(DefaultPersistenceUnitManager.java:426) ~[evosuite-standalone-runtime-1.0.5.jar:1.0.5]
	at org.evosuite.shaded.org.springframework.orm.jpa.LocalContainerEntityManagerFactoryBean.createNativeEntityManagerFactory(LocalContainerEntityManagerFactoryBean.java:325) ~[evosuite-standalone-runtime-1.0.5.jar:1.0.5]
	at org.evosuite.shaded.org.springframework.orm.jpa.AbstractEntityManagerFactoryBean.buildNativeEntityManagerFactory(AbstractEntityManagerFactoryBean.java:370) ~[evosuite-standalone-runtime-1.0.5.jar:1.0.5]
	at org.evosuite.shaded.org.springframework.orm.jpa.AbstractEntityManagerFactoryBean.afterPropertiesSet(AbstractEntityManagerFactoryBean.java:359) ~[evosuite-standalone-runtime-1.0.5.jar:1.0.5]
	at org.evosuite.runtime.javaee.javax.persistence.EvoEntityManagerFactory.createEMFWithSpring(EvoEntityManagerFactory.java:96) ~[evosuite-standalone-runtime-1.0.5.jar:1.0.5]
	at org.evosuite.runtime.javaee.javax.persistence.EvoEntityManagerFactory.<init>(EvoEntityManagerFactory.java:50) ~[evosuite-standalone-runtime-1.0.5.jar:1.0.5]
	at org.evosuite.runtime.javaee.db.DBManager.initDB(DBManager.java:147) ~[evosuite-standalone-runtime-1.0.5.jar:1.0.5]
	at org.evosuite.runtime.Runtime.resetRuntime(Runtime.java:115) ~[evosuite-standalone-runtime-1.0.5.jar:1.0.5]
	at org.evosuite.testcase.execution.TestCaseExecutor.execute(TestCaseExecutor.java:303) ~[evosuite-master-1.0.5.jar:1.0.5]
	at org.evosuite.testcase.execution.TestCaseExecutor.execute(TestCaseExecutor.java:277) ~[evosuite-master-1.0.5.jar:1.0.5]
	at org.evosuite.testcase.execution.TestCaseExecutor.execute(TestCaseExecutor.java:264) ~[evosuite-master-1.0.5.jar:1.0.5]
	at org.evosuite.testcase.execution.TestCaseExecutor.runTest(TestCaseExecutor.java:140) ~[evosuite-master-1.0.5.jar:1.0.5]
	... 17 common frames omitted
